20241220183221 - Downloading file
20241220183221 - Download step - Successful
20241220183221 - Unzipping file
20241220183221 - Unzipping step - Successful
20241220183221 - Validating file
20241220183221 - Validating file step - Successful
20241220183221 - Creating MySQL table CUSTOMER_405014
20241220183221 - Table creation step - Successful
20241220183221 - Loading data into MySQL table
20241220183222 - Load data step - Successful
20241220183222 - Archiving processed file
20241220183222 - Archiving step - Successful
20241220183222 - Updating SecretCode
20241220183222 - SecretCode update step - Successful
20241220183222 - Exporting table to CSV
20241220183222 - Export step - Successful
20241220183222 - Compressing CSV
20241220183222 - Compression step - Successful
20241220183647 - Downloading file
20241220183647 - Download step - Successful
20241220183647 - Unzipping file
20241220183647 - Unzipping step - Successful
20241220183647 - Validating file
20241220183648 - Validating file step - Successful
20241220183648 - Creating MySQL table CUSTOMER_405014
20241220183648 - Table creation step - Successful
20241220183648 - Loading data into MySQL table
20241220183648 - Load data step - Successful
20241220183648 - Archiving processed file
20241220183648 - Archiving step - Successful
20241220183648 - Updating SecretCode
20241220183648 - SecretCode update step - Successful
20241220183648 - Exporting table to CSV
20241220183648 - Export step - Successful
20241220183648 - Compressing CSV
20241220183648 - Compression step - Successful
20241220183856 - Downloading file
20241220183856 - Download step - Failed
20241220183919 - Downloading file
20241220183920 - Download step - Failed
20241220184243 - Downloading file
20241220184243 - Download step - Failed
20241220184340 - Downloading file
20241220184341 - Download step - Successful
20241220184341 - Unzipping file
20241220184341 - Unzipping step - Successful
20241220184341 - Validating file
20241220184341 - Validating file step - Successful
20241220184341 - Creating MySQL table CUSTOMER_405014
20241220184341 - Table creation step - Successful
20241220184341 - Loading data into MySQL table
20241220184341 - Load data step - Failed
20241220184354 - Downloading file
20241220184354 - Download step - Successful
20241220184354 - Unzipping file
20241220184354 - Unzipping step - Successful
20241220184354 - Validating file
20241220184354 - Validating file step - Successful
20241220184354 - Creating MySQL table CUSTOMER_405014
20241220184355 - Table creation step - Successful
20241220184355 - Loading data into MySQL table
20241220184355 - Load data step - Successful
20241220184355 - Archiving processed file
20241220184355 - Archiving step - Successful
20241220184355 - Updating SecretCode
20241220184355 - SecretCode update step - Successful
20241220184355 - Exporting table to CSV
20241220184355 - Export step - Successful
20241220184355 - Compressing CSV
20241220184355 - Compression step - Successful
20241220184404 - Downloading file
20241220184404 - Download step - Successful
20241220184404 - Unzipping file
20241220184404 - Unzipping step - Successful
20241220184404 - Validating file
20241220184404 - Validating file step - Successful
20241220184404 - Creating MySQL table CUSTOMER_405014
20241220184405 - Table creation step - Successful
20241220184405 - Loading data into MySQL table
20241220184405 - Load data step - Failed
20241220184410 - Downloading file
20241220184410 - Download step - Successful
20241220184410 - Unzipping file
20241220184410 - Unzipping step - Successful
20241220184410 - Validating file
20241220184411 - Validating file step - Successful
20241220184411 - Creating MySQL table CUSTOMER_405014
20241220184411 - Table creation step - Successful
20241220184411 - Loading data into MySQL table
20241220184411 - Load data step - Successful
20241220184411 - Archiving processed file
20241220184411 - Archiving step - Successful
20241220184411 - Updating SecretCode
20241220184411 - SecretCode update step - Successful
20241220184411 - Exporting table to CSV
20241220184411 - Export step - Successful
20241220184411 - Compressing CSV
20241220184411 - Compression step - Successful
20241220194541 - Downloading file
20241220194542 - Download step - Successful
20241220194542 - Unzipping file
20241220194542 - Unzipping step - Successful
20241220194542 - Validating file
20241220194542 - Validating file step - Successful
20241220194542 - Creating MySQL table CUSTOMER_405014
20241220194542 - Table creation step - Successful
20241220194542 - Loading data into MySQL table
20241220194542 - Load data step - Successful
20241220194542 - Archiving processed file
20241220194542 - Archiving step - Successful
20241220194542 - Updating SecretCode
20241220194543 - SecretCode update step - Successful
20241220194543 - Exporting table to CSV
20241220194543 - Export step - Successful
20241220194543 - Compressing CSV
20241220194543 - Compression step - Successful
